\BOOKMARK [0][-]{section*.3}{Resumen}{}% 1
\BOOKMARK [0][-]{section*.5}{Abstract}{}% 2
\BOOKMARK [0][-]{section*.7}{Dedication}{}% 3
\BOOKMARK [0][-]{section*.9}{Acknowledgements}{}% 4
\BOOKMARK [0][-]{section*.13}{Lista de Tablas }{}% 5
\BOOKMARK [0][-]{section*.15}{Lista de Figuras }{}% 6
\BOOKMARK [0][-]{chapter.1}{Chapter 1 \204 INTRODUCCI\323N}{}% 7
\BOOKMARK [1][-]{section.1.1}{Planteamiento del Problema}{chapter.1}% 8
\BOOKMARK [1][-]{section.1.2}{Objetivos y Contribuciones}{chapter.1}% 9
\BOOKMARK [1][-]{section.1.3}{Estructura del Documento}{chapter.1}% 10
\BOOKMARK [0][-]{chapter.2}{Chapter 2 \204 CONTEXTO}{}% 11
\BOOKMARK [1][-]{section.2.1}{Alineaci\363n de Negocio-IT}{chapter.2}% 12
\BOOKMARK [1][-]{section.2.2}{Arquitectura Empresarial}{chapter.2}% 13
\BOOKMARK [1][-]{section.2.3}{Arquitectura Dirigida por Modelos}{chapter.2}% 14
\BOOKMARK [1][-]{section.2.4}{Tartarus}{chapter.2}% 15
\BOOKMARK [2][-]{subsection.2.4.1}{Arquitectura de Negocio \(BA\)}{section.2.4}% 16
\BOOKMARK [2][-]{subsection.2.4.2}{Arquitectura de Informaci\363n \(IA\)}{section.2.4}% 17
\BOOKMARK [1][-]{section.2.5}{Ontolog\355as}{chapter.2}% 18
\BOOKMARK [2][-]{subsection.2.5.1}{Matching de Ontolog\355as}{section.2.5}% 19
\BOOKMARK [0][-]{chapter.3}{Chapter 3 \204 SINZA}{}% 20
\BOOKMARK [1][-]{section.3.1}{Trabajo Futuro}{chapter.3}% 21
\BOOKMARK [1][-]{section.3.2}{Publicaciones}{chapter.3}% 22
